<?xml version="1.0" encoding="UTF-8"?>
<!-- Generated by org.testng.reporters.JUnitReportReporter -->
<testsuite hostname="DESKTOP-HTN8UG1" failures="0" tests="1" name="EXPLORE.message.StartUp" time="22.015" errors="0" timestamp="2024-01-24T12:10:26 WAT" skipped="0">
  <testcase classname="EXPLORE.message.StartUp" name="QAapp" time="22.015"/>
</testsuite> <!-- EXPLORE.message.StartUp -->
