<?xml version="1.0" encoding="UTF-8"?>
<!-- Generated by org.testng.reporters.JUnitReportReporter -->
<testsuite hostname="DESKTOP-HTN8UG1" failures="0" tests="1" name="EXPLORE.message.LoginPage" time="14.427" errors="0" timestamp="2024-01-24T13:41:05 WAT" skipped="0">
  <testcase classname="EXPLORE.message.LoginPage" name="QAapp" time="14.427"/>
</testsuite> <!-- EXPLORE.message.LoginPage -->
